{"/home/misafidiniaina/todo-app/backend/config/index.js": {"path":"/home/misafidiniaina/todo-app/backend/config/index.js","statementMap":{"0":{"start":{"line":6,"column":19},"end":{"line":6,"column":49}},"1":{"start":{"line":7,"column":18},"end":{"line":7,"column":42}},"2":{"start":{"line":9,"column":0},"end":{"line":9,"column":60}},"3":{"start":{"line":11,"column":22},"end":{"line":14,"column":1}}},"fnMap":{},"branchMap":{"0":{"loc":{"start":{"line":12,"column":8},"end":{"line":12,"column":32}},"type":"binary-expr","locations":[{"start":{"line":12,"column":8},"end":{"line":12,"column":24}},{"start":{"line":12,"column":28},"end":{"line":12,"column":32}}],"line":12},"1":{"loc":{"start":{"line":13,"column":13},"end":{"line":13,"column":55}},"type":"binary-expr","locations":[{"start":{"line":13,"column":13},"end":{"line":13,"column":35}},{"start":{"line":13,"column":39},"end":{"line":13,"column":55}}],"line":13}},"s":{"0":1,"1":1,"2":1,"3":1},"f":{},"b":{"0":[1,1],"1":[1,1]},"_coverageSchema":"1a1c01bbd47fc00a2c39e90264f33305004495a9","hash":"00400b68867d71caf7be2084f7fd9a6f62bed3b9"}
,"/home/misafidiniaina/todo-app/backend/controllers/authController.js": {"path":"/home/misafidiniaina/todo-app/backend/controllers/authController.js","statementMap":{"0":{"start":{"line":5,"column":13},"end":{"line":8,"column":1}},"1":{"start":{"line":10,"column":21},"end":{"line":26,"column":1}},"2":{"start":{"line":11,"column":33},"end":{"line":11,"column":41}},"3":{"start":{"line":12,"column":2},"end":{"line":14,"column":3}},"4":{"start":{"line":13,"column":4},"end":{"line":13,"column":63}},"5":{"start":{"line":16,"column":2},"end":{"line":18,"column":3}},"6":{"start":{"line":17,"column":4},"end":{"line":17,"column":63}},"7":{"start":{"line":19,"column":24},"end":{"line":19,"column":64}},"8":{"start":{"line":20,"column":2},"end":{"line":22,"column":3}},"9":{"start":{"line":21,"column":4},"end":{"line":21,"column":65}},"10":{"start":{"line":24,"column":16},"end":{"line":24,"column":77}},"11":{"start":{"line":25,"column":2},"end":{"line":25,"column":22}}},"fnMap":{"0":{"name":"(anonymous_0)","decl":{"start":{"line":10,"column":21},"end":{"line":10,"column":22}},"loc":{"start":{"line":10,"column":35},"end":{"line":26,"column":1}},"line":10}},"branchMap":{"0":{"loc":{"start":{"line":12,"column":2},"end":{"line":14,"column":3}},"type":"if","locations":[{"start":{"line":12,"column":2},"end":{"line":14,"column":3}},{"start":{},"end":{}}],"line":12},"1":{"loc":{"start":{"line":16,"column":2},"end":{"line":18,"column":3}},"type":"if","locations":[{"start":{"line":16,"column":2},"end":{"line":18,"column":3}},{"start":{},"end":{}}],"line":16},"2":{"loc":{"start":{"line":20,"column":2},"end":{"line":22,"column":3}},"type":"if","locations":[{"start":{"line":20,"column":2},"end":{"line":22,"column":3}},{"start":{},"end":{}}],"line":20}},"s":{"0":1,"1":1,"2":4,"3":4,"4":1,"5":3,"6":1,"7":2,"8":2,"9":1,"10":1,"11":1},"f":{"0":4},"b":{"0":[1,3],"1":[1,2],"2":[1,1]},"_coverageSchema":"1a1c01bbd47fc00a2c39e90264f33305004495a9","hash":"082ae0fb00835739ddb8f83759e206b45df7a7a6"}
,"/home/misafidiniaina/todo-app/backend/routes/authRoutes.js": {"path":"/home/misafidiniaina/todo-app/backend/routes/authRoutes.js","statementMap":{"0":{"start":{"line":4,"column":15},"end":{"line":4,"column":31}},"1":{"start":{"line":6,"column":0},"end":{"line":6,"column":29}}},"fnMap":{},"branchMap":{},"s":{"0":1,"1":1},"f":{},"b":{},"_coverageSchema":"1a1c01bbd47fc00a2c39e90264f33305004495a9","hash":"747c728d148c3ebf81cc7487bba314b6908ae75d"}
,"/home/misafidiniaina/todo-app/backend/utils/hash.js": {"path":"/home/misafidiniaina/todo-app/backend/utils/hash.js","statementMap":{"0":{"start":{"line":3,"column":28},"end":{"line":3,"column":71}},"1":{"start":{"line":3,"column":42},"end":{"line":3,"column":71}},"2":{"start":{"line":4,"column":31},"end":{"line":4,"column":83}},"3":{"start":{"line":4,"column":50},"end":{"line":4,"column":83}}},"fnMap":{"0":{"name":"(anonymous_0)","decl":{"start":{"line":3,"column":28},"end":{"line":3,"column":29}},"loc":{"start":{"line":3,"column":42},"end":{"line":3,"column":71}},"line":3},"1":{"name":"(anonymous_1)","decl":{"start":{"line":4,"column":31},"end":{"line":4,"column":32}},"loc":{"start":{"line":4,"column":50},"end":{"line":4,"column":83}},"line":4}},"branchMap":{},"s":{"0":1,"1":1,"2":1,"3":2},"f":{"0":1,"1":2},"b":{},"_coverageSchema":"1a1c01bbd47fc00a2c39e90264f33305004495a9","hash":"87575aee145c90544f22477d3072e571a56d7580"}
}
